<?xml version="1.0" encoding="UTF-8"?>
<testsuite xmlns:xsi="http://www.w3.org/2001/XMLSchema-instance" xsi:noNamespaceSchemaLocation="https://maven.apache.org/surefire/maven-surefire-plugin/xsd/surefire-test-report.xsd" name="TheaterUnitTest" time="0.154" tests="2" errors="0" skipped="0" failures="0">
  <properties>
[...]
</properties>
  <testcase name="testGetAvailableSets" classname="TheaterUnitTest" time="0.067"/>
  <testcase name="testReserveSeat" classname="TheaterUnitTest" time="0.004"/>
</testsuite>